<?xml version="1.0" encoding="UTF-8"?>
<!-- Generated by org.testng.reporters.JUnitXMLReporter -->
<testsuite hostname="sss-ПК" ignored="4" name="Default test" tests="1" failures="0" timestamp="25 дек 2017 10:42:21 GMT" time="22.212" errors="0">
  <testcase name="checkEmptySearchLink" time="5.516" classname="by.htp.BookingTest"/>
  <testcase name="checkWorktrip" time="0.0" classname="by.htp.BookingTest">
    <ignored/>
  </testcase> <!-- checkWorktrip -->
  <testcase name="checkDepartureAutomaticallySet" time="0.0" classname="by.htp.BookingTest">
    <ignored/>
  </testcase> <!-- checkDepartureAutomaticallySet -->
  <testcase name="checkDefaultPresets" time="0.0" classname="by.htp.BookingTest">
    <ignored/>
  </testcase> <!-- checkDefaultPresets -->
  <testcase name="positiveBookingSearch" time="0.0" classname="by.htp.BookingTest">
    <ignored/>
  </testcase> <!-- positiveBookingSearch -->
</testsuite> <!-- Default test -->
