<?xml version="1.0" encoding="UTF-8"?>
<testng-results skipped="0" failed="0" ignored="4" total="5" passed="1">
  <reporter-output>
  </reporter-output>
  <suite name="Default suite" duration-ms="22212" started-at="2017-12-25T10:41:59Z" finished-at="2017-12-25T10:42:21Z">
    <groups>
    </groups>
    <test name="Default test" duration-ms="22212" started-at="2017-12-25T10:41:59Z" finished-at="2017-12-25T10:42:21Z">
      <class name="by.htp.BookingTest">
        <test-method status="PASS" signature="setUp()[pri:0, instance:by.htp.BookingTest@28feb3fa]" name="setUp" is-config="true" duration-ms="15920" started-at="2017-12-25T13:41:59Z" description="Init browser" finished-at="2017-12-25T13:42:15Z">
          <reporter-output>
          </reporter-output>
        </test-method> <!-- setUp -->
        <test-method status="PASS" signature="checkEmptySearchLink()[pri:0, instance:by.htp.BookingTest@28feb3fa]" name="checkEmptySearchLink" duration-ms="5516" started-at="2017-12-25T13:42:15Z" description="Check empty search link" finished-at="2017-12-25T13:42:21Z">
          <reporter-output>
          </reporter-output>
        </test-method> <!-- checkEmptySearchLink -->
        <test-method status="PASS" signature="stopBrowser()[pri:0, instance:by.htp.BookingTest@28feb3fa]" name="stopBrowser" is-config="true" duration-ms="731" started-at="2017-12-25T13:42:21Z" description="Stop Browser" finished-at="2017-12-25T13:42:21Z">
          <reporter-output>
          </reporter-output>
        </test-method> <!-- stopBrowser -->
      </class> <!-- by.htp.BookingTest -->
    </test> <!-- Default test -->
  </suite> <!-- Default suite -->
</testng-results>
