<?xml version="1.0" encoding="UTF-8"?>
<testng-results skipped="0" failed="0" ignored="0" total="1" passed="1">
  <reporter-output>
  </reporter-output>
  <suite name="Default suite" duration-ms="94432" started-at="2017-12-20T20:31:46Z" finished-at="2017-12-20T20:33:21Z">
    <groups>
    </groups>
    <test name="Default test" duration-ms="94432" started-at="2017-12-20T20:31:46Z" finished-at="2017-12-20T20:33:21Z">
      <class name="by.htp.BookingTest">
        <test-method status="PASS" signature="setUp()[pri:0, instance:by.htp.BookingTest@28feb3fa]" name="setUp" is-config="true" duration-ms="50776" started-at="2017-12-20T23:31:46Z" description="Init browser" finished-at="2017-12-20T23:32:37Z">
          <reporter-output>
          </reporter-output>
        </test-method> <!-- setUp -->
        <test-method status="PASS" signature="positiveBookingSearch()[pri:0, instance:by.htp.BookingTest@28feb3fa]" name="positiveBookingSearch" duration-ms="42681" started-at="2017-12-20T23:32:37Z" description="Positive Booking Search" finished-at="2017-12-20T23:33:20Z">
          <reporter-output>
          </reporter-output>
        </test-method> <!-- positiveBookingSearch -->
        <test-method status="PASS" signature="stopBrowser()[pri:0, instance:by.htp.BookingTest@28feb3fa]" name="stopBrowser" is-config="true" duration-ms="937" started-at="2017-12-20T23:33:20Z" description="Stop Browser" finished-at="2017-12-20T23:33:21Z">
          <reporter-output>
          </reporter-output>
        </test-method> <!-- stopBrowser -->
      </class> <!-- by.htp.BookingTest -->
    </test> <!-- Default test -->
  </suite> <!-- Default suite -->
</testng-results>
